<?xml version="1.0" encoding="UTF-8"?>
<testng-results skipped="0" failed="0" total="1" passed="1">
  <reporter-output>
  </reporter-output>
  <suite name="Default suite" duration-ms="31277" started-at="2016-09-06T16:04:05Z" finished-at="2016-09-06T16:04:36Z">
    <groups>
    </groups>
    <test name="Default test" duration-ms="31277" started-at="2016-09-06T16:04:05Z" finished-at="2016-09-06T16:04:36Z">
      <class name="cc.automation.framework.CCAutomation.Test_Script">
        <test-method status="PASS" signature="exampleTest()[pri:0, instance:cc.automation.framework.CCAutomation.Test_Script@643b1d11]" name="exampleTest" duration-ms="31261" started-at="2016-09-06T11:04:05Z" finished-at="2016-09-06T11:04:36Z">
          <reporter-output>
          </reporter-output>
        </test-method> <!-- exampleTest -->
      </class> <!-- cc.automation.framework.CCAutomation.Test_Script -->
    </test> <!-- Default test -->
  </suite> <!-- Default suite -->
</testng-results>
