<?xml version="1.0" encoding="UTF-8"?>
<!-- Generated by org.testng.reporters.JUnitXMLReporter -->
<testsuite hostname="DAL7NXA" name="Test" tests="1" failures="1" timestamp="15 Sep 2016 19:56:47 GMT" time="20.814" errors="0">
  <testcase name="feature" time="20.504" classname="testrunner.RunCukesTest">
    <failure type="cucumber.runtime.CucumberException" message="java.lang.NullPointerException">
      <![CDATA[cucumber.runtime.CucumberException: java.lang.NullPointerException
	at cucumber.api.testng.TestNGCucumberRunner.runCucumber(TestNGCucumberRunner.java:69)
	at cucumber.api.testng.AbstractTestNGCucumberTests.feature(AbstractTestNGCucumberTests.java:21)
Caused by: java.lang.NullPointerException
	at stepdefinition.SmokeTest.a_user_is_currently_logged_in(SmokeTest.java:49)
	at ✽.Given A user is currently logged in(CCApplicaton.feature:31)
... Removed 24 stack frames]]>
    </failure>
  </testcase> <!-- feature -->
</testsuite> <!-- Test -->
